<?xml version="1.0" encoding="UTF-8"?>
<testsuite xmlns:xsi="http://www.w3.org/2001/XMLSchema-instance" xsi:noNamespaceSchemaLocation="https://maven.apache.org/surefire/maven-surefire-plugin/xsd/surefire-test-report-3.0.xsd" version="3.0" name="TestSuite" time="13.196" tests="6" errors="0" skipped="0" failures="1">
  <properties>
[...]
</properties>
  <testcase name="Merl_BrowserSetup" classname="whizzbridge_Automation.merl_extentreports.merl_TestCases" time="0.158">
    <system-out><![CDATA[Before test-method. Thread id is: 1
Window is Maximized
All Cookies Deleted
]]></system-out>
    <system-err><![CDATA[SLF4J: Failed to load class "org.slf4j.impl.StaticLoggerBinder".
SLF4J: Defaulting to no-operation (NOP) logger implementation
SLF4J: See http://www.slf4j.org/codes.html#StaticLoggerBinder for further details.
]]></system-err>
  </testcase>
  <testcase name="Merl_TimetoLauchApp" classname="whizzbridge_Automation.merl_extentreports.merl_TestCases" time="2.637">
    <system-out><![CDATA[Application is Launching! 'Good Luck' 
Application Launched in MilliSeconds =   2629
]]></system-out>
  </testcase>
  <testcase name="merl_VerifyUrl" classname="whizzbridge_Automation.merl_extentreports.merl_TestCases" time="0.424">
    <failure message="URLs do not match expected [https://merl-50fb1f6104ab.herokuapp.com/] but found [https://merl-50fb1f6104ab.herokuapp.com/users/sign_in]" type="java.lang.AssertionError"><![CDATA[java.lang.AssertionError: URLs do not match expected [https://merl-50fb1f6104ab.herokuapp.com/] but found [https://merl-50fb1f6104ab.herokuapp.com/users/sign_in]
	at org.testng.Assert.fail(Assert.java:110)
	at org.testng.Assert.failNotEquals(Assert.java:1577)
	at org.testng.Assert.assertEqualsImpl(Assert.java:149)
	at org.testng.Assert.assertEquals(Assert.java:131)
	at org.testng.Assert.assertEquals(Assert.java:655)
	at whizzbridge_Automation.merl_extentreports.merl_TestCases.merl_VerifyUrl(merl_TestCases.java:69)
	at java.base/jdk.internal.reflect.DirectMethodHandleAccessor.invoke(DirectMethodHandleAccessor.java:103)
	at java.base/java.lang.reflect.Method.invoke(Method.java:580)
	at org.testng.internal.invokers.MethodInvocationHelper.invokeMethod(MethodInvocationHelper.java:139)
	at org.testng.internal.invokers.TestInvoker.invokeMethod(TestInvoker.java:677)
	at org.testng.internal.invokers.TestInvoker.invokeTestMethod(TestInvoker.java:221)
	at org.testng.internal.invokers.MethodRunner.runInSequence(MethodRunner.java:50)
	at org.testng.internal.invokers.TestInvoker$MethodInvocationAgent.invoke(TestInvoker.java:969)
	at org.testng.internal.invokers.TestInvoker.invokeTestMethods(TestInvoker.java:194)
	at org.testng.internal.invokers.TestMethodWorker.invokeTestMethods(TestMethodWorker.java:148)
	at org.testng.internal.invokers.TestMethodWorker.run(TestMethodWorker.java:128)
	at java.base/java.util.ArrayList.forEach(ArrayList.java:1596)
	at org.testng.TestRunner.privateRun(TestRunner.java:829)
	at org.testng.TestRunner.run(TestRunner.java:602)
	at org.testng.SuiteRunner.runTest(SuiteRunner.java:437)
	at org.testng.SuiteRunner.runSequentially(SuiteRunner.java:431)
	at org.testng.SuiteRunner.privateRun(SuiteRunner.java:391)
	at org.testng.SuiteRunner.run(SuiteRunner.java:330)
	at org.testng.SuiteRunnerWorker.runSuite(SuiteRunnerWorker.java:52)
	at org.testng.SuiteRunnerWorker.run(SuiteRunnerWorker.java:95)
	at org.testng.TestNG.runSuitesSequentially(TestNG.java:1256)
	at org.testng.TestNG.runSuitesLocally(TestNG.java:1176)
	at org.testng.TestNG.runSuites(TestNG.java:1099)
	at org.testng.TestNG.run(TestNG.java:1067)
	at org.apache.maven.surefire.testng.TestNGExecutor.run(TestNGExecutor.java:308)
	at org.apache.maven.surefire.testng.TestNGXmlTestSuite.execute(TestNGXmlTestSuite.java:71)
	at org.apache.maven.surefire.testng.TestNGProvider.invoke(TestNGProvider.java:113)
	at org.apache.maven.surefire.booter.ForkedBooter.runSuitesInProcess(ForkedBooter.java:385)
	at org.apache.maven.surefire.booter.ForkedBooter.execute(ForkedBooter.java:162)
	at org.apache.maven.surefire.booter.ForkedBooter.run(ForkedBooter.java:507)
	at org.apache.maven.surefire.booter.ForkedBooter.main(ForkedBooter.java:495)
]]></failure>
    <system-out><![CDATA[Actual URL: https://merl-50fb1f6104ab.herokuapp.com/users/sign_in
Expected URL: https://merl-50fb1f6104ab.herokuapp.com/
]]></system-out>
  </testcase>
  <testcase name="merl_VerifyTitle" classname="whizzbridge_Automation.merl_extentreports.merl_TestCases" time="0.016">
    <system-out><![CDATA[Actual Title: MERL
Expected Title: MERL
]]></system-out>
  </testcase>
  <testcase name="verifyElementText" classname="whizzbridge_Automation.merl_extentreports.merl_TestCases" time="0.045">
    <system-out><![CDATA[Actual Text: Log in to your account
Expected Text: Log in to your account
]]></system-out>
  </testcase>
  <testcase name="merl_Login" classname="whizzbridge_Automation.merl_extentreports.merl_TestCases" time="2.139">
    <system-out><![CDATA[Login via Email is admin@merl.com
and password is 123123
Test Case: Login as admin
]]></system-out>
  </testcase>
</testsuite>